<component name="libraryTable">
  <library name="junit-4.13">
    <CLASSES>
      <root url="jar://I:/Program Files/Java/jdk1.8.0_231/jre/lib/junit-4.13.jar!/" />
    </CLASSES>
    <JAVADOC />
    <SOURCES />
  </library>
</component>